{
  "RSpec": {
    "coverage": {
      "/Users/charliedibble/Desktop/DevBootcamp/phase-3/week-9/dbc-final-project/chefboard/spec/models/model_spec.rb": [
        1,
        null,
        1,
        1,
        2,
        2,
        2,
        null,
        null,
        1,
        2,
        2,
        null,
        null,
        null,
        1,
        1,
        2,
        2,
        null,
        null,
        null,
        1,
        1,
        2,
        2,
        null,
        null,
        null,
        1,
        1,
        2,
        2,
        null,
        null
      ],
      "/Users/charliedibble/Desktop/DevBootcamp/phase-3/week-9/dbc-final-project/chefboard/spec/rails_helper.rb": [
        null,
        1,
        1,
        1,
        1,
        null,
        null,
        null,
        null,
        null,
        null,
        null,
        null,
        null,
        null,
        null,
        null,
        null,
        null,
        null,
        null,
        null,
        null,
        null,
        1,
        null,
        1,
        null,
        1,
        null,
        null,
        null,
        null,
        1,
        null,
        null,
        null,
        null,
        null,
        null,
        null,
        null,
        null,
        null,
        null,
        null,
        null,
        null,
        1,
        null
      ],
      "/Users/charliedibble/Desktop/DevBootcamp/phase-3/week-9/dbc-final-project/chefboard/config/environment.rb": [
        null,
        1,
        null,
        null,
        1
      ],
      "/Users/charliedibble/Desktop/DevBootcamp/phase-3/week-9/dbc-final-project/chefboard/config/application.rb": [
        1,
        null,
        1,
        null,
        null,
        null,
        1,
        null,
        1,
        1,
        null,
        null,
        null,
        null,
        null,
        null,
        null,
        null,
        null,
        null,
        null,
        null,
        null
      ],
      "/Users/charliedibble/Desktop/DevBootcamp/phase-3/week-9/dbc-final-project/chefboard/config/boot.rb": [
        null,
        1,
        null,
        1
      ],
      "/Users/charliedibble/Desktop/DevBootcamp/phase-3/week-9/dbc-final-project/chefboard/config/environments/test.rb": [
        1,
        null,
        null,
        null,
        null,
        null,
        null,
        1,
        null,
        null,
        null,
        null,
        1,
        null,
        null,
        1,
        1,
        null,
        null,
        1,
        1,
        null,
        null,
        1,
        null,
        null,
        1,
        null,
        null,
        null,
        null,
        1,
        null,
        null,
        1,
        null,
        null,
        null,
        null
      ],
      "/Users/charliedibble/Desktop/DevBootcamp/phase-3/week-9/dbc-final-project/chefboard/config/initializers/assets.rb": [
        null,
        null,
        null,
        1,
        null,
        null,
        null,
        null
      ],
      "/Users/charliedibble/Desktop/DevBootcamp/phase-3/week-9/dbc-final-project/chefboard/config/initializers/backtrace_silencers.rb": [
        null,
        null,
        null,
        null,
        null,
        null,
        null
      ],
      "/Users/charliedibble/Desktop/DevBootcamp/phase-3/week-9/dbc-final-project/chefboard/config/initializers/cookies_serializer.rb": [
        null,
        null,
        1
      ],
      "/Users/charliedibble/Desktop/DevBootcamp/phase-3/week-9/dbc-final-project/chefboard/config/initializers/filter_parameter_logging.rb": [
        null,
        null,
        null,
        1
      ],
      "/Users/charliedibble/Desktop/DevBootcamp/phase-3/week-9/dbc-final-project/chefboard/config/initializers/inflections.rb": [
        null,
        null,
        null,
        null,
        null,
        null,
        null,
        null,
        null,
        null,
        null,
        null,
        null,
        null,
        null,
        null
      ],
      "/Users/charliedibble/Desktop/DevBootcamp/phase-3/week-9/dbc-final-project/chefboard/config/initializers/mime_types.rb": [
        null,
        null,
        null,
        null
      ],
      "/Users/charliedibble/Desktop/DevBootcamp/phase-3/week-9/dbc-final-project/chefboard/config/initializers/session_store.rb": [
        null,
        null,
        1
      ],
      "/Users/charliedibble/Desktop/DevBootcamp/phase-3/week-9/dbc-final-project/chefboard/config/initializers/wrap_parameters.rb": [
        null,
        null,
        null,
        null,
        null,
        null,
        1,
        1,
        null,
        null,
        null,
        null,
        null,
        null
      ],
      "/Users/charliedibble/Desktop/DevBootcamp/phase-3/week-9/dbc-final-project/chefboard/config/routes.rb": [
        1,
        1,
        1,
        null,
        null,
        null,
        null,
        null,
        null,
        null,
        null,
        null,
        null,
        null,
        null,
        null,
        null,
        null,
        null,
        null,
        null,
        null,
        null,
        null,
        null,
        null,
        null,
        null,
        null,
        null,
        null,
        null,
        null,
        null,
        null,
        null,
        null,
        null,
        null,
        null,
        null,
        null,
        null,
        null,
        null,
        null,
        null,
        null,
        null,
        null,
        null,
        null,
        null,
        null,
        null,
        null,
        null,
        null,
        null,
        null
      ],
      "/Users/charliedibble/Desktop/DevBootcamp/phase-3/week-9/dbc-final-project/chefboard/app/helpers/application_helper.rb": [
        1,
        null
      ],
      "/Users/charliedibble/Desktop/DevBootcamp/phase-3/week-9/dbc-final-project/chefboard/app/models/user.rb": [
        1,
        1,
        null,
        1,
        1,
        null
      ],
      "/Users/charliedibble/Desktop/DevBootcamp/phase-3/week-9/dbc-final-project/chefboard/app/models/recipe.rb": [
        1,
        1,
        1,
        1,
        null,
        1,
        null
      ],
      "/Users/charliedibble/Desktop/DevBootcamp/phase-3/week-9/dbc-final-project/chefboard/app/models/category.rb": [
        1,
        1,
        null,
        1,
        null
      ],
      "/Users/charliedibble/Desktop/DevBootcamp/phase-3/week-9/dbc-final-project/chefboard/app/models/tag.rb": [
        1,
        1,
        null,
        1,
        null
      ]
    },
    "timestamp": 1417213140
  }
}
